{"C:\\Users\\maximvolokotkin\\Accounting System\\AS-server\\models\\jackpot.js": {"path":"C:\\Users\\maximvolokotkin\\Accounting System\\AS-server\\models\\jackpot.js","statementMap":{"0":{"start":{"line":1,"column":17},"end":{"line":1,"column":36}},"1":{"start":{"line":3,"column":22},"end":{"line":24,"column":2}},"2":{"start":{"line":26,"column":0},"end":{"line":26,"column":57}}},"fnMap":{},"branchMap":{},"s":{"0":1,"1":1,"2":1},"f":{},"b":{},"_coverageSchema":"1a1c01bbd47fc00a2c39e90264f33305004495a9","hash":"429a39438d823be17cc33b33f18d548cf18719fc"}
,"C:\\Users\\maximvolokotkin\\Accounting System\\AS-server\\routes\\jackpots.js": {"path":"C:\\Users\\maximvolokotkin\\Accounting System\\AS-server\\routes\\jackpots.js","statementMap":{"0":{"start":{"line":1,"column":16},"end":{"line":1,"column":34}},"1":{"start":{"line":2,"column":15},"end":{"line":2,"column":31}},"2":{"start":{"line":3,"column":16},"end":{"line":3,"column":44}},"3":{"start":{"line":6,"column":0},"end":{"line":13,"column":2}},"4":{"start":{"line":7,"column":4},"end":{"line":12,"column":5}},"5":{"start":{"line":8,"column":25},"end":{"line":8,"column":45}},"6":{"start":{"line":9,"column":8},"end":{"line":9,"column":26}},"7":{"start":{"line":11,"column":8},"end":{"line":11,"column":53}},"8":{"start":{"line":16,"column":0},"end":{"line":18,"column":2}},"9":{"start":{"line":17,"column":4},"end":{"line":17,"column":25}},"10":{"start":{"line":21,"column":0},"end":{"line":52,"column":2}},"11":{"start":{"line":22,"column":4},"end":{"line":51,"column":5}},"12":{"start":{"line":24,"column":22},"end":{"line":24,"column":69}},"13":{"start":{"line":25,"column":27},"end":{"line":25,"column":28}},"14":{"start":{"line":26,"column":8},"end":{"line":28,"column":9}},"15":{"start":{"line":27,"column":12},"end":{"line":27,"column":46}},"16":{"start":{"line":30,"column":34},"end":{"line":30,"column":89}},"17":{"start":{"line":31,"column":8},"end":{"line":34,"column":9}},"18":{"start":{"line":33,"column":12},"end":{"line":33,"column":80}},"19":{"start":{"line":36,"column":36},"end":{"line":36,"column":96}},"20":{"start":{"line":37,"column":8},"end":{"line":39,"column":9}},"21":{"start":{"line":38,"column":12},"end":{"line":38,"column":84}},"22":{"start":{"line":41,"column":24},"end":{"line":46,"column":10}},"23":{"start":{"line":47,"column":27},"end":{"line":47,"column":47}},"24":{"start":{"line":48,"column":8},"end":{"line":48,"column":40}},"25":{"start":{"line":50,"column":8},"end":{"line":50,"column":53}},"26":{"start":{"line":55,"column":0},"end":{"line":69,"column":2}},"27":{"start":{"line":56,"column":4},"end":{"line":68,"column":5}},"28":{"start":{"line":57,"column":8},"end":{"line":61,"column":9}},"29":{"start":{"line":58,"column":12},"end":{"line":60,"column":13}},"30":{"start":{"line":59,"column":16},"end":{"line":59,"column":48}},"31":{"start":{"line":63,"column":31},"end":{"line":63,"column":55}},"32":{"start":{"line":65,"column":8},"end":{"line":65,"column":32}},"33":{"start":{"line":67,"column":8},"end":{"line":67,"column":54}},"34":{"start":{"line":72,"column":0},"end":{"line":79,"column":2}},"35":{"start":{"line":73,"column":4},"end":{"line":78,"column":5}},"36":{"start":{"line":74,"column":8},"end":{"line":74,"column":37}},"37":{"start":{"line":75,"column":8},"end":{"line":75,"column":48}},"38":{"start":{"line":77,"column":8},"end":{"line":77,"column":53}},"39":{"start":{"line":82,"column":0},"end":{"line":89,"column":2}},"40":{"start":{"line":83,"column":4},"end":{"line":88,"column":5}},"41":{"start":{"line":84,"column":8},"end":{"line":84,"column":36}},"42":{"start":{"line":85,"column":8},"end":{"line":85,"column":53}},"43":{"start":{"line":87,"column":8},"end":{"line":87,"column":54}},"44":{"start":{"line":94,"column":4},"end":{"line":101,"column":5}},"45":{"start":{"line":95,"column":8},"end":{"line":95,"column":69}},"46":{"start":{"line":96,"column":8},"end":{"line":98,"column":9}},"47":{"start":{"line":97,"column":12},"end":{"line":97,"column":74}},"48":{"start":{"line":100,"column":8},"end":{"line":100,"column":61}},"49":{"start":{"line":102,"column":4},"end":{"line":102,"column":25}},"50":{"start":{"line":103,"column":4},"end":{"line":103,"column":10}},"51":{"start":{"line":106,"column":0},"end":{"line":106,"column":23}}},"fnMap":{"0":{"name":"(anonymous_0)","decl":{"start":{"line":6,"column":16},"end":{"line":6,"column":17}},"loc":{"start":{"line":6,"column":36},"end":{"line":13,"column":1}},"line":6},"1":{"name":"(anonymous_1)","decl":{"start":{"line":16,"column":31},"end":{"line":16,"column":32}},"loc":{"start":{"line":16,"column":45},"end":{"line":18,"column":1}},"line":16},"2":{"name":"(anonymous_2)","decl":{"start":{"line":21,"column":17},"end":{"line":21,"column":18}},"loc":{"start":{"line":21,"column":37},"end":{"line":52,"column":1}},"line":21},"3":{"name":"(anonymous_3)","decl":{"start":{"line":55,"column":33},"end":{"line":55,"column":34}},"loc":{"start":{"line":55,"column":53},"end":{"line":69,"column":1}},"line":55},"4":{"name":"(anonymous_4)","decl":{"start":{"line":72,"column":34},"end":{"line":72,"column":35}},"loc":{"start":{"line":72,"column":54},"end":{"line":79,"column":1}},"line":72},"5":{"name":"(anonymous_5)","decl":{"start":{"line":82,"column":19},"end":{"line":82,"column":20}},"loc":{"start":{"line":82,"column":39},"end":{"line":89,"column":1}},"line":82},"6":{"name":"getJackpot","decl":{"start":{"line":92,"column":15},"end":{"line":92,"column":25}},"loc":{"start":{"line":92,"column":42},"end":{"line":104,"column":1}},"line":92}},"branchMap":{"0":{"loc":{"start":{"line":26,"column":8},"end":{"line":28,"column":9}},"type":"if","locations":[{"start":{"line":26,"column":8},"end":{"line":28,"column":9}},{"start":{},"end":{}}],"line":26},"1":{"loc":{"start":{"line":26,"column":12},"end":{"line":26,"column":36}},"type":"binary-expr","locations":[{"start":{"line":26,"column":12},"end":{"line":26,"column":17}},{"start":{"line":26,"column":21},"end":{"line":26,"column":36}}],"line":26},"2":{"loc":{"start":{"line":31,"column":8},"end":{"line":34,"column":9}},"type":"if","locations":[{"start":{"line":31,"column":8},"end":{"line":34,"column":9}},{"start":{},"end":{}}],"line":31},"3":{"loc":{"start":{"line":31,"column":11},"end":{"line":31,"column":55}},"type":"binary-expr","locations":[{"start":{"line":31,"column":11},"end":{"line":31,"column":28}},{"start":{"line":31,"column":32},"end":{"line":31,"column":55}}],"line":31},"4":{"loc":{"start":{"line":37,"column":8},"end":{"line":39,"column":9}},"type":"if","locations":[{"start":{"line":37,"column":8},"end":{"line":39,"column":9}},{"start":{},"end":{}}],"line":37},"5":{"loc":{"start":{"line":37,"column":12},"end":{"line":37,"column":119}},"type":"binary-expr","locations":[{"start":{"line":37,"column":12},"end":{"line":37,"column":31}},{"start":{"line":37,"column":35},"end":{"line":37,"column":119}}],"line":37},"6":{"loc":{"start":{"line":58,"column":12},"end":{"line":60,"column":13}},"type":"if","locations":[{"start":{"line":58,"column":12},"end":{"line":60,"column":13}},{"start":{},"end":{}}],"line":58},"7":{"loc":{"start":{"line":96,"column":8},"end":{"line":98,"column":9}},"type":"if","locations":[{"start":{"line":96,"column":8},"end":{"line":98,"column":9}},{"start":{},"end":{}}],"line":96}},"s":{"0":1,"1":1,"2":1,"3":1,"4":1,"5":1,"6":1,"7":0,"8":1,"9":1,"10":1,"11":3,"12":3,"13":3,"14":3,"15":0,"16":3,"17":3,"18":0,"19":3,"20":3,"21":0,"22":3,"23":3,"24":2,"25":1,"26":1,"27":1,"28":1,"29":3,"30":3,"31":1,"32":1,"33":0,"34":1,"35":0,"36":0,"37":0,"38":0,"39":1,"40":1,"41":1,"42":1,"43":0,"44":2,"45":2,"46":2,"47":0,"48":0,"49":2,"50":2,"51":1},"f":{"0":1,"1":1,"2":3,"3":1,"4":0,"5":1,"6":2},"b":{"0":[0,3],"1":[3,0],"2":[0,3],"3":[3,0],"4":[0,3],"5":[3,0],"6":[3,0],"7":[0,2]},"_coverageSchema":"1a1c01bbd47fc00a2c39e90264f33305004495a9","hash":"bfcd4e2cf6b39f697cd8683c89cb3c1cbf9ada7a"}
}
