TN:
SF:models\jackpot.js
FNF:0
FNH:0
DA:1,1
DA:3,1
DA:26,1
LF:3
LH:3
BRF:0
BRH:0
end_of_record
TN:
SF:routes\jackpots.js
FN:6,(anonymous_0)
FN:16,(anonymous_1)
FN:21,(anonymous_2)
FN:55,(anonymous_3)
FN:72,(anonymous_4)
FN:82,(anonymous_5)
FN:92,getJackpot
FNF:7
FNH:6
FNDA:1,(anonymous_0)
FNDA:1,(anonymous_1)
FNDA:3,(anonymous_2)
FNDA:1,(anonymous_3)
FNDA:0,(anonymous_4)
FNDA:1,(anonymous_5)
FNDA:2,getJackpot
DA:1,1
DA:2,1
DA:3,1
DA:6,1
DA:7,1
DA:8,1
DA:9,1
DA:11,0
DA:16,1
DA:17,1
DA:21,1
DA:22,3
DA:24,3
DA:25,3
DA:26,3
DA:27,0
DA:30,3
DA:31,3
DA:33,0
DA:36,3
DA:37,3
DA:38,0
DA:41,3
DA:47,3
DA:48,2
DA:50,1
DA:55,1
DA:56,1
DA:57,1
DA:58,3
DA:59,3
DA:63,1
DA:65,1
DA:67,0
DA:72,1
DA:73,0
DA:74,0
DA:75,0
DA:77,0
DA:82,1
DA:83,1
DA:84,1
DA:85,1
DA:87,0
DA:94,2
DA:95,2
DA:96,2
DA:97,0
DA:100,0
DA:102,2
DA:103,2
DA:106,1
LF:52
LH:40
BRDA:26,0,0,0
BRDA:26,0,1,3
BRDA:26,1,0,3
BRDA:26,1,1,0
BRDA:31,2,0,0
BRDA:31,2,1,3
BRDA:31,3,0,3
BRDA:31,3,1,0
BRDA:37,4,0,0
BRDA:37,4,1,3
BRDA:37,5,0,3
BRDA:37,5,1,0
BRDA:58,6,0,3
BRDA:58,6,1,0
BRDA:96,7,0,0
BRDA:96,7,1,2
BRF:16
BRH:8
end_of_record
