TN:
SF:models\app.js
FNF:0
FNH:0
DA:1,1
DA:3,1
DA:43,1
LF:3
LH:3
BRF:0
BRH:0
end_of_record
TN:
SF:models\game.js
FNF:0
FNH:0
DA:1,1
DA:3,1
DA:50,1
LF:3
LH:3
BRF:0
BRH:0
end_of_record
TN:
SF:models\jackpot.js
FNF:0
FNH:0
DA:1,1
DA:3,1
DA:26,1
LF:3
LH:3
BRF:0
BRH:0
end_of_record
TN:
SF:models\math.js
FNF:0
FNH:0
DA:1,1
DA:3,1
DA:26,1
LF:3
LH:3
BRF:0
BRH:0
end_of_record
TN:
SF:routes\apps.js
FN:6,(anonymous_0)
FN:16,(anonymous_1)
FN:21,(anonymous_2)
FN:56,(anonymous_3)
FN:73,(anonymous_4)
FN:83,(anonymous_5)
FN:93,getApp
FNF:7
FNH:3
FNDA:1,(anonymous_0)
FNDA:0,(anonymous_1)
FNDA:3,(anonymous_2)
FNDA:0,(anonymous_3)
FNDA:0,(anonymous_4)
FNDA:1,(anonymous_5)
FNDA:0,getApp
DA:1,1
DA:2,1
DA:3,1
DA:6,1
DA:7,1
DA:8,1
DA:9,1
DA:11,0
DA:16,1
DA:17,0
DA:21,1
DA:23,3
DA:25,3
DA:26,3
DA:27,3
DA:28,0
DA:32,3
DA:33,0
DA:34,0
DA:39,0
DA:48,0
DA:49,0
DA:51,3
DA:56,1
DA:57,0
DA:58,0
DA:59,0
DA:60,0
DA:64,0
DA:66,0
DA:68,0
DA:73,1
DA:74,0
DA:75,0
DA:76,0
DA:78,0
DA:83,1
DA:84,1
DA:85,1
DA:86,1
DA:88,0
DA:95,0
DA:96,0
DA:97,0
DA:98,0
DA:101,0
DA:103,0
DA:104,0
DA:107,1
LF:49
LH:22
BRDA:27,0,0,0
BRDA:27,0,1,3
BRDA:27,1,0,3
BRDA:27,1,1,0
BRDA:33,2,0,0
BRDA:33,2,1,0
BRDA:33,3,0,0
BRDA:33,3,1,0
BRDA:59,4,0,0
BRDA:59,4,1,0
BRDA:97,5,0,0
BRDA:97,5,1,0
BRF:12
BRH:2
end_of_record
TN:
SF:routes\games.js
FN:6,(anonymous_0)
FN:16,(anonymous_1)
FN:21,(anonymous_2)
FN:60,(anonymous_3)
FN:75,(anonymous_4)
FN:85,(anonymous_5)
FN:95,getGame
FNF:7
FNH:6
FNDA:1,(anonymous_0)
FNDA:1,(anonymous_1)
FNDA:3,(anonymous_2)
FNDA:1,(anonymous_3)
FNDA:0,(anonymous_4)
FNDA:1,(anonymous_5)
FNDA:2,getGame
DA:1,1
DA:2,1
DA:3,1
DA:6,1
DA:7,1
DA:8,1
DA:9,1
DA:11,0
DA:16,1
DA:17,1
DA:21,1
DA:22,3
DA:24,3
DA:25,3
DA:26,3
DA:27,0
DA:30,3
DA:31,3
DA:33,0
DA:36,3
DA:37,3
DA:38,0
DA:41,3
DA:52,3
DA:53,2
DA:55,1
DA:60,1
DA:61,1
DA:62,1
DA:63,8
DA:64,8
DA:67,1
DA:68,1
DA:70,0
DA:75,1
DA:76,0
DA:77,0
DA:78,0
DA:80,0
DA:85,1
DA:86,1
DA:87,1
DA:88,1
DA:90,0
DA:97,2
DA:98,2
DA:99,2
DA:100,0
DA:103,0
DA:105,2
DA:106,2
DA:109,1
LF:52
LH:40
BRDA:26,0,0,0
BRDA:26,0,1,3
BRDA:26,1,0,3
BRDA:26,1,1,0
BRDA:31,2,0,0
BRDA:31,2,1,3
BRDA:31,3,0,3
BRDA:31,3,1,0
BRDA:37,4,0,0
BRDA:37,4,1,3
BRDA:37,5,0,3
BRDA:37,5,1,0
BRDA:63,6,0,8
BRDA:63,6,1,0
BRDA:99,7,0,0
BRDA:99,7,1,2
BRF:16
BRH:8
end_of_record
TN:
SF:routes\jackpots.js
FN:6,(anonymous_0)
FN:16,(anonymous_1)
FN:21,(anonymous_2)
FN:55,(anonymous_3)
FN:72,(anonymous_4)
FN:82,(anonymous_5)
FN:92,getJackpot
FNF:7
FNH:6
FNDA:1,(anonymous_0)
FNDA:1,(anonymous_1)
FNDA:3,(anonymous_2)
FNDA:1,(anonymous_3)
FNDA:0,(anonymous_4)
FNDA:1,(anonymous_5)
FNDA:2,getJackpot
DA:1,1
DA:2,1
DA:3,1
DA:6,1
DA:7,1
DA:8,1
DA:9,1
DA:11,0
DA:16,1
DA:17,1
DA:21,1
DA:22,3
DA:24,3
DA:25,3
DA:26,3
DA:27,0
DA:30,3
DA:31,3
DA:33,0
DA:36,3
DA:37,3
DA:38,0
DA:41,3
DA:47,3
DA:48,2
DA:50,1
DA:55,1
DA:56,1
DA:57,1
DA:58,3
DA:59,3
DA:63,1
DA:65,1
DA:67,0
DA:72,1
DA:73,0
DA:74,0
DA:75,0
DA:77,0
DA:82,1
DA:83,1
DA:84,1
DA:85,1
DA:87,0
DA:94,2
DA:95,2
DA:96,2
DA:97,0
DA:100,0
DA:102,2
DA:103,2
DA:106,1
LF:52
LH:40
BRDA:26,0,0,0
BRDA:26,0,1,3
BRDA:26,1,0,3
BRDA:26,1,1,0
BRDA:31,2,0,0
BRDA:31,2,1,3
BRDA:31,3,0,3
BRDA:31,3,1,0
BRDA:37,4,0,0
BRDA:37,4,1,3
BRDA:37,5,0,3
BRDA:37,5,1,0
BRDA:58,6,0,3
BRDA:58,6,1,0
BRDA:96,7,0,0
BRDA:96,7,1,2
BRF:16
BRH:8
end_of_record
TN:
SF:routes\maths.js
FN:6,(anonymous_0)
FN:16,(anonymous_1)
FN:21,(anonymous_2)
FN:55,(anonymous_3)
FN:72,(anonymous_4)
FN:82,(anonymous_5)
FN:92,getMath
FNF:7
FNH:6
FNDA:1,(anonymous_0)
FNDA:1,(anonymous_1)
FNDA:3,(anonymous_2)
FNDA:1,(anonymous_3)
FNDA:0,(anonymous_4)
FNDA:1,(anonymous_5)
FNDA:2,getMath
DA:1,1
DA:2,1
DA:3,1
DA:6,1
DA:7,1
DA:8,1
DA:9,1
DA:11,0
DA:16,1
DA:17,1
DA:21,1
DA:22,3
DA:24,3
DA:25,3
DA:26,3
DA:27,0
DA:30,3
DA:31,3
DA:33,0
DA:36,3
DA:37,3
DA:38,0
DA:41,3
DA:47,3
DA:48,2
DA:50,1
DA:55,1
DA:56,1
DA:57,1
DA:58,3
DA:59,3
DA:63,1
DA:65,1
DA:67,0
DA:72,1
DA:73,0
DA:74,0
DA:75,0
DA:77,0
DA:82,1
DA:83,1
DA:84,1
DA:85,1
DA:87,0
DA:94,2
DA:95,2
DA:96,2
DA:97,0
DA:100,0
DA:102,2
DA:103,2
DA:106,1
LF:52
LH:40
BRDA:26,0,0,0
BRDA:26,0,1,3
BRDA:26,1,0,3
BRDA:26,1,1,0
BRDA:31,2,0,0
BRDA:31,2,1,3
BRDA:31,3,0,3
BRDA:31,3,1,0
BRDA:37,4,0,0
BRDA:37,4,1,3
BRDA:37,5,0,3
BRDA:37,5,1,0
BRDA:58,6,0,3
BRDA:58,6,1,0
BRDA:96,7,0,0
BRDA:96,7,1,2
BRF:16
BRH:8
end_of_record
